<?xml version="1.0" encoding="utf-8"?>
<?AutomationStudio Version=3.0?>
<Transfer xmlns="http://br-automation.co.at/AS/Transfer">
  <OperatingSystem Version="C4.91"/>
  <Hardware Target="SG4"/>
  <Operation Delete="Blikanie1s.br"/>
  <Operation Delete="Blikanie50.br"/>
  <Operation Delete="TestKomuni.br"/>
  <Operation Delete="Remanentne.br"/>
  <Operation Delete="Prihlasova.br"/>
  <Operation Delete="DatumCasPL.br"/>
  <Operation Delete="Alarmy.br"/>
  <Operation Delete="Ethernetov.br"/>
  <Operation Delete="Receptury.br"/>
  <Operation Delete="Blikanie20.br"/>
  <Operation Delete="Main.br"/>
  <Operation Delete="VratnyDopr.br"/>
  <Operation Delete="StoperVrat.br"/>
  <Operation Delete="VystupnyDo.br"/>
  <Operation Delete="StoperPoCi.br"/>
  <Operation Delete="DopravnikB.br"/>
  <Operation Delete="StoperDopr.br"/>
  <Operation Delete="StoperVyst.br"/>
  <Operation Delete="OvladanieV.br"/>
  <Operation Delete="Blikanie10.br"/>
  <Operation Delete="VstupnyVyt.br"/>
  <Operation Delete="VystupnyVy.br"/>
  <Operation Delete="StoperPred.br"/>
  <Operation Delete="DopravnikC.br"/>
  <Operation Delete="KontrolaOt.br"/>
  <Operation Delete="StoperEtik.br"/>
  <Operation Delete="Robot.br"/>
  <Operation Delete="Statistik1.br"/>
  <Operation Delete="IonizacnaJ.br"/>
  <Operation Delete="Visu.br"/>
  <Operation Delete="CoTrace.br"/>
  <Operation Delete="AsSafety.br"/>
  <Operation Delete="vccline.br"/>
  <Operation Delete="vccovl.br"/>
  <Operation Delete="vcdsint.br"/>
  <Operation Delete="vcbclass.br"/>
  <Operation Delete="vccbar.br"/>
  <Operation Delete="vcclbox.br"/>
  <Operation Delete="vcctext.br"/>
  <Operation Delete="vcrt.br"/>
  <Operation Delete="vccshape.br"/>
  <Operation Delete="vccbmp.br"/>
  <Operation Delete="vcchspot.br"/>
  <Operation Delete="vcpdsw.br"/>
  <Operation Delete="vccdt.br"/>
  <Operation Delete="vccddbox.br"/>
  <Operation Delete="vcalarm.br"/>
  <Operation Delete="vcfntttf.br"/>
  <Operation Delete="vccalarm.br"/>
  <Operation Delete="vccstr.br"/>
  <Operation Delete="vcpfx20.br"/>
  <Operation Delete="vcdsloc.br"/>
  <Operation Delete="vcpkat.br"/>
  <Operation Delete="vccnum.br"/>
  <Operation Delete="vcfile.br"/>
  <Operation Delete="vctcal.br"/>
  <Operation Delete="vcmgr.br"/>
  <Operation Delete="vccbtn.br"/>
  <Operation Delete="AsTCP.br"/>
  <Operation Delete="MpRecipe.br"/>
  <Operation Delete="dvframe.br"/>
  <Operation Delete="FM_NORD.br"/>
  <Operation Delete="EthernetIP.br"/>
  <Operation Delete="SC.br"/>
  <Operation Delete="Statistika.br"/>
  <Operation Delete="vcshared.br"/>
  <Operation Delete="arialbd.br"/>
  <Operation Delete="arial.br"/>
  <Operation Delete="Visu03.br"/>
  <Operation Delete="Visu02.br"/>
  <Operation Delete="Visu01.br"/>
  <Operation Delete="arflatprv.br"/>
  <Operation Delete="arcoal.br"/>
  <Operation Delete="LoopConR.br"/>
  <Operation Delete="brsystem.br"/>
  <Operation Delete="IecCheck.br"/>
  <Operation Delete="asieccon.br"/>
  <Operation Delete="MpBase.br"/>
  <Operation Delete="sys_lib.br"/>
  <Operation Delete="AsZip.br"/>
  <Operation Delete="astime.br"/>
  <Operation Delete="vccpopup.br"/>
  <Operation Delete="ashw.br"/>
  <Operation Delete="vcgclass.br"/>
  <Operation Delete="FileIO.br"/>
  <Operation Delete="DataObj.br"/>
  <Operation Delete="vcpdvnc.br"/>
  <Operation Delete="vcnet.br"/>
  <Operation Download="ashwd.br" Memory="SystemROM"/>
  <Operation Download="asfw.br" Memory="SystemROM"/>
  <Operation Download="asnxdb2.br" Memory="SystemROM"/>
  <Operation Download="asnxdb1.br" Memory="SystemROM"/>
  <Operation Download="arconfig.br" Memory="SystemROM"/>
  <Operation Download="sysconf.br" Memory="SystemROM"/>
  <Operation Restart="warm"/>
  <Operation Download="vcresman.br" Memory="UserROM"/>
  <Operation Download="vcnet.br" Memory="UserROM"/>
  <Operation Download="vcpdvnc.br" Memory="UserROM"/>
  <Operation Restart="warm"/>
  <Operation Download="udbdef.br" Memory="UserROM"/>
  <Operation Download="FWRules.br" Memory="UserROM"/>
  <Operation Download="TCData.br" Memory="SystemROM"/>
  <Operation Download="iomap.br" Memory="UserROM"/>
  <Operation Download="Role.br" Memory="UserROM"/>
  <Operation Download="ashwac.br" Memory="UserROM"/>
  <Operation Download="Config.br" Memory="UserROM"/>
  <Operation Download="User.br" Memory="UserROM"/>
  <Operation Download="Config_2.br" Memory="UserROM"/>
  <Operation Download="Config_1.br" Memory="UserROM"/>
  <Operation Download="AsXml.br" Memory="UserROM"/>
  <Operation Download="Runtime.br" Memory="UserROM"/>
  <Operation Download="standard.br" Memory="UserROM"/>
  <Operation Download="asstring.br" Memory="UserROM"/>
  <Operation Download="AsMath.br" Memory="UserROM"/>
  <Operation Download="AsBrStr.br" Memory="UserROM"/>
  <Operation Download="arsvcreg.br" Memory="UserROM"/>
  <Operation Download="DataObj.br" Memory="UserROM"/>
  <Operation Download="FileIO.br" Memory="UserROM"/>
  <Operation Download="vcgclass.br" Memory="UserROM"/>
  <Operation Download="ashw.br" Memory="UserROM"/>
  <Operation Download="vccpopup.br" Memory="UserROM"/>
  <Operation Download="astime.br" Memory="UserROM"/>
  <Operation Download="AsZip.br" Memory="UserROM"/>
  <Operation Download="sys_lib.br" Memory="UserROM"/>
  <Operation Download="MpBase.br" Memory="UserROM"/>
  <Operation Download="asieccon.br" Memory="UserROM"/>
  <Operation Download="IecCheck.br" Memory="UserROM"/>
  <Operation Download="brsystem.br" Memory="UserROM"/>
  <Operation Download="LoopConR.br" Memory="UserROM"/>
  <Operation Download="arcoal.br" Memory="UserROM"/>
  <Operation Download="arflatprv.br" Memory="UserROM"/>
  <Operation Download="Visu01.br" Memory="UserROM"/>
  <Operation Download="Visu02.br" Memory="UserROM"/>
  <Operation Download="Visu03.br" Memory="UserROM"/>
  <Operation Download="arial.br" Memory="UserROM"/>
  <Operation Download="arialbd.br" Memory="UserROM"/>
  <Operation Download="vcshared.br" Memory="UserROM"/>
  <Operation Download="Statistika.br" Memory="UserROM"/>
  <Operation Download="SC.br" Memory="UserROM"/>
  <Operation Download="EthernetIP.br" Memory="UserROM"/>
  <Operation Download="FM_NORD.br" Memory="UserROM"/>
  <Operation Download="dvframe.br" Memory="UserROM"/>
  <Operation Download="MpRecipe.br" Memory="UserROM"/>
  <Operation Download="AsTCP.br" Memory="UserROM"/>
  <Operation Download="vccbtn.br" Memory="UserROM"/>
  <Operation Download="vcmgr.br" Memory="UserROM"/>
  <Operation Download="vctcal.br" Memory="UserROM"/>
  <Operation Download="vcfile.br" Memory="UserROM"/>
  <Operation Download="vccnum.br" Memory="UserROM"/>
  <Operation Download="vcpkat.br" Memory="UserROM"/>
  <Operation Download="vcdsloc.br" Memory="UserROM"/>
  <Operation Download="vcpfx20.br" Memory="UserROM"/>
  <Operation Download="vccstr.br" Memory="UserROM"/>
  <Operation Download="vccalarm.br" Memory="UserROM"/>
  <Operation Download="vcfntttf.br" Memory="UserROM"/>
  <Operation Download="vcalarm.br" Memory="UserROM"/>
  <Operation Download="vccddbox.br" Memory="UserROM"/>
  <Operation Download="vccdt.br" Memory="UserROM"/>
  <Operation Download="vcpdsw.br" Memory="UserROM"/>
  <Operation Download="vcchspot.br" Memory="UserROM"/>
  <Operation Download="vccbmp.br" Memory="UserROM"/>
  <Operation Download="vccshape.br" Memory="UserROM"/>
  <Operation Download="vcrt.br" Memory="UserROM"/>
  <Operation Download="vcctext.br" Memory="UserROM"/>
  <Operation Download="vcclbox.br" Memory="UserROM"/>
  <Operation Download="vccbar.br" Memory="UserROM"/>
  <Operation Download="vcbclass.br" Memory="UserROM"/>
  <Operation Download="vcdsint.br" Memory="UserROM"/>
  <Operation Download="vccovl.br" Memory="UserROM"/>
  <Operation Download="vccline.br" Memory="UserROM"/>
  <Operation Download="AsSafety.br" Memory="UserROM"/>
  <Operation Download="CoTrace.br" Memory="UserROM"/>
  <Operation Download="assl1.br" Memory="UserROM"/>
  <Operation Download="Visu.br" Memory="UserROM"/>
  <Operation Download="IonizacnaJ.br" Memory="UserROM"/>
  <Operation Download="Statistik1.br" Memory="UserROM"/>
  <Operation Download="Robot.br" Memory="UserROM"/>
  <Operation Download="StoperEtik.br" Memory="UserROM"/>
  <Operation Download="KontrolaOt.br" Memory="UserROM"/>
  <Operation Download="DopravnikC.br" Memory="UserROM"/>
  <Operation Download="StoperPred.br" Memory="UserROM"/>
  <Operation Download="VystupnyVy.br" Memory="UserROM"/>
  <Operation Download="VstupnyVyt.br" Memory="UserROM"/>
  <Operation Download="Blikanie10.br" Memory="UserROM"/>
  <Operation Download="OvladanieV.br" Memory="UserROM"/>
  <Operation Download="StoperVyst.br" Memory="UserROM"/>
  <Operation Download="StoperDopr.br" Memory="UserROM"/>
  <Operation Download="DopravnikB.br" Memory="UserROM"/>
  <Operation Download="StoperPoCi.br" Memory="UserROM"/>
  <Operation Download="VystupnyDo.br" Memory="UserROM"/>
  <Operation Download="StoperVrat.br" Memory="UserROM"/>
  <Operation Download="VratnyDopr.br" Memory="UserROM"/>
  <Operation Download="Main.br" Memory="UserROM"/>
  <Operation Download="Blikanie20.br" Memory="UserROM"/>
  <Operation Download="Receptury.br" Memory="UserROM"/>
  <Operation Download="Ethernetov.br" Memory="UserROM"/>
  <Operation Download="Alarmy.br" Memory="UserROM"/>
  <Operation Download="DatumCasPL.br" Memory="UserROM"/>
  <Operation Download="Prihlasova.br" Memory="UserROM"/>
  <Operation Download="Remanentne.br" Memory="UserROM"/>
  <Operation Download="TestKomuni.br" Memory="UserROM"/>
  <Operation Download="Blikanie50.br" Memory="UserROM"/>
  <Operation Download="Blikanie1s.br" Memory="UserROM"/>
</Transfer>