D:\Projekty BER\Panasonic_LinkaKapacitorov_A2021040\Temp\Includes\AS_TempDecl\Config1\GlobalComponents\MpComponents.var
D:\Projekty BER\Panasonic_LinkaKapacitorov_A2021040\Logical\Global.typ
D:\Projekty BER\Panasonic_LinkaKapacitorov_A2021040\Logical\Global.var
D:\Projekty BER\Panasonic_LinkaKapacitorov_A2021040\Logical\Libraries\Runtime\runtime.var
D:\Projekty BER\Panasonic_LinkaKapacitorov_A2021040\Logical\Libraries\Runtime\runtime.typ
D:\Projekty BER\Panasonic_LinkaKapacitorov_A2021040\Logical\Libraries\Runtime\runtime.fun
D:\Projekty BER\Panasonic_LinkaKapacitorov_A2021040\Logical\Libraries\Operator\operator.fun
D:\Projekty BER\Panasonic_LinkaKapacitorov_A2021040\Logical\Libraries\AsIecCon\AsIecCon.fun
D:\Projekty BER\Panasonic_LinkaKapacitorov_A2021040\Logical\Libraries\astime\astime.var
D:\Projekty BER\Panasonic_LinkaKapacitorov_A2021040\Logical\Libraries\astime\astime.typ
D:\Projekty BER\Panasonic_LinkaKapacitorov_A2021040\Logical\Libraries\astime\astime.fun
D:\Projekty BER\Panasonic_LinkaKapacitorov_A2021040\Logical\Libraries\standard\standard.fun
D:\Projekty BER\Panasonic_LinkaKapacitorov_A2021040\Logical\Libraries\standard\standard.typ
D:\Projekty BER\Panasonic_LinkaKapacitorov_A2021040\Logical\Libraries\standard\standard.var
D:\Projekty BER\Panasonic_LinkaKapacitorov_A2021040\Logical\Libraries\AsBrStr\AsBrStr.fun
D:\Projekty BER\Panasonic_LinkaKapacitorov_A2021040\Logical\Libraries\AsBrStr\AsBrStr.typ
D:\Projekty BER\Panasonic_LinkaKapacitorov_A2021040\Logical\Libraries\AsBrStr\AsBrStr.var
D:\Projekty BER\Panasonic_LinkaKapacitorov_A2021040\Logical\Libraries\FileIO\FileIO.fun
D:\Projekty BER\Panasonic_LinkaKapacitorov_A2021040\Logical\Libraries\FileIO\FileIO.typ
D:\Projekty BER\Panasonic_LinkaKapacitorov_A2021040\Logical\Libraries\FileIO\FileIO.var
D:\Projekty BER\Panasonic_LinkaKapacitorov_A2021040\Logical\Libraries\sys_lib\sys_lib.fun
D:\Projekty BER\Panasonic_LinkaKapacitorov_A2021040\Logical\Libraries\sys_lib\sys_lib.typ
D:\Projekty BER\Panasonic_LinkaKapacitorov_A2021040\Logical\Libraries\sys_lib\sys_lib.var
D:\Projekty BER\Panasonic_LinkaKapacitorov_A2021040\Logical\Libraries\AsSafety\AsSafety.fun
D:\Projekty BER\Panasonic_LinkaKapacitorov_A2021040\Logical\Libraries\AsSafety\AsSafety.typ
D:\Projekty BER\Panasonic_LinkaKapacitorov_A2021040\Logical\Libraries\AsSafety\AsSafety.var
D:\Projekty BER\Panasonic_LinkaKapacitorov_A2021040\Logical\Libraries\DataObj\DataObj.fun
D:\Projekty BER\Panasonic_LinkaKapacitorov_A2021040\Logical\Libraries\DataObj\DataObj.typ
D:\Projekty BER\Panasonic_LinkaKapacitorov_A2021040\Logical\Libraries\DataObj\DataObj.var
D:\Projekty BER\Panasonic_LinkaKapacitorov_A2021040\Logical\Libraries\AsXml\AsXml.fun
D:\Projekty BER\Panasonic_LinkaKapacitorov_A2021040\Logical\Libraries\AsXml\AsXml.typ
D:\Projekty BER\Panasonic_LinkaKapacitorov_A2021040\Logical\Libraries\AsXml\AsXml.var
D:\Projekty BER\Panasonic_LinkaKapacitorov_A2021040\Logical\Libraries\CoTrace\CoTrace.fun
D:\Projekty BER\Panasonic_LinkaKapacitorov_A2021040\Logical\Libraries\CoTrace\CoTrace.typ
D:\Projekty BER\Panasonic_LinkaKapacitorov_A2021040\Logical\Libraries\CoTrace\CoTrace.var
D:\Projekty BER\Panasonic_LinkaKapacitorov_A2021040\Logical\Libraries\AsZip\AsZip.fun
D:\Projekty BER\Panasonic_LinkaKapacitorov_A2021040\Logical\Libraries\AsZip\AsZip.typ
D:\Projekty BER\Panasonic_LinkaKapacitorov_A2021040\Logical\Libraries\AsZip\AsZip.var
D:\Projekty BER\Panasonic_LinkaKapacitorov_A2021040\Logical\Libraries\FM_NORD\Types.typ
D:\Projekty BER\Panasonic_LinkaKapacitorov_A2021040\Logical\Libraries\FM_NORD\Constants.var
D:\Projekty BER\Panasonic_LinkaKapacitorov_A2021040\Logical\Libraries\FM_NORD\FM_NORD.fun
D:\Projekty BER\Panasonic_LinkaKapacitorov_A2021040\Logical\Libraries\LoopConR\LoopConR.var
D:\Projekty BER\Panasonic_LinkaKapacitorov_A2021040\Logical\Libraries\LoopConR\LoopConR.typ
D:\Projekty BER\Panasonic_LinkaKapacitorov_A2021040\Logical\Libraries\LoopConR\LoopConR.fun
D:\Projekty BER\Panasonic_LinkaKapacitorov_A2021040\Logical\Libraries\brsystem\brsystem.fun
D:\Projekty BER\Panasonic_LinkaKapacitorov_A2021040\Logical\Libraries\brsystem\brsystem.typ
D:\Projekty BER\Panasonic_LinkaKapacitorov_A2021040\Logical\Libraries\brsystem\brsystem.var
D:\Projekty BER\Panasonic_LinkaKapacitorov_A2021040\Logical\Libraries\SC\Types.typ
D:\Projekty BER\Panasonic_LinkaKapacitorov_A2021040\Logical\Libraries\SC\Constants.var
D:\Projekty BER\Panasonic_LinkaKapacitorov_A2021040\Logical\Libraries\SC\SC.fun
D:\Projekty BER\Panasonic_LinkaKapacitorov_A2021040\Logical\Libraries\dvframe\dvframe.fun
D:\Projekty BER\Panasonic_LinkaKapacitorov_A2021040\Logical\Libraries\dvframe\dvframe.typ
D:\Projekty BER\Panasonic_LinkaKapacitorov_A2021040\Logical\Libraries\dvframe\dvframe.var
D:\Projekty BER\Panasonic_LinkaKapacitorov_A2021040\Logical\Libraries\asstring\asstring.fun
D:\Projekty BER\Panasonic_LinkaKapacitorov_A2021040\Logical\Libraries\asstring\asstring.typ
D:\Projekty BER\Panasonic_LinkaKapacitorov_A2021040\Logical\Libraries\asstring\asstring.var
D:\Projekty BER\Panasonic_LinkaKapacitorov_A2021040\Logical\Libraries\AsMath\AsMath.fun
D:\Projekty BER\Panasonic_LinkaKapacitorov_A2021040\Logical\Libraries\AsMath\AsMath.typ
D:\Projekty BER\Panasonic_LinkaKapacitorov_A2021040\Logical\Libraries\AsMath\AsMath.var
D:\Projekty BER\Panasonic_LinkaKapacitorov_A2021040\Logical\Libraries\AsTCP\AsTCP.fun
D:\Projekty BER\Panasonic_LinkaKapacitorov_A2021040\Logical\Libraries\AsTCP\AsTCP.typ
D:\Projekty BER\Panasonic_LinkaKapacitorov_A2021040\Logical\Libraries\AsTCP\AsTCP.var
D:\Projekty BER\Panasonic_LinkaKapacitorov_A2021040\Logical\Libraries\Statistika\Types.typ
D:\Projekty BER\Panasonic_LinkaKapacitorov_A2021040\Logical\Libraries\Statistika\Constants.var
D:\Projekty BER\Panasonic_LinkaKapacitorov_A2021040\Logical\Libraries\Statistika\Statistika.fun
D:\Projekty BER\Panasonic_LinkaKapacitorov_A2021040\Logical\Libraries\IecCheck\IecCheck.fun
D:\Projekty BER\Panasonic_LinkaKapacitorov_A2021040\Logical\Libraries\EthernetIP\Types.typ
D:\Projekty BER\Panasonic_LinkaKapacitorov_A2021040\Logical\Libraries\EthernetIP\Constants.var
D:\Projekty BER\Panasonic_LinkaKapacitorov_A2021040\Logical\Libraries\EthernetIP\EthernetIP.fun
D:\Projekty BER\Panasonic_LinkaKapacitorov_A2021040\Logical\Libraries\MpRecipe\MpRecipe.typ
D:\Projekty BER\Panasonic_LinkaKapacitorov_A2021040\Logical\Libraries\MpRecipe\MpRecipeAlarm.typ
D:\Projekty BER\Panasonic_LinkaKapacitorov_A2021040\Logical\Libraries\MpRecipe\MpRecipeError.typ
D:\Projekty BER\Panasonic_LinkaKapacitorov_A2021040\Logical\Libraries\MpRecipe\MpRecipe.fun
D:\Projekty BER\Panasonic_LinkaKapacitorov_A2021040\Logical\Libraries\MpBase\MpBase.typ
D:\Projekty BER\Panasonic_LinkaKapacitorov_A2021040\Logical\Libraries\MpBase\MpBase.var
D:\Projekty BER\Panasonic_LinkaKapacitorov_A2021040\Logical\Libraries\MpBase\MpBase.fun
D:\Projekty BER\Panasonic_LinkaKapacitorov_A2021040\Logical\DatumCasPLC\DatumCasGlobal.var
D:\Projekty BER\Panasonic_LinkaKapacitorov_A2021040\Logical\DatumCasPLC\DatumCasGlobal.typ
